<?xml version="1.0" encoding="UTF-8" ?>
<testsuites id="2026-05-12" name="report_3" tests="8" failures="0" skipped="0" flaky="0" time="0.000">
	<testsuite id="0" name="test_sanity" package="tests/unit" timestamp="2026-05-12T11:01:05" hostname="localhost" tests="8" failures="0" errors="0" skipped="0" flaky="0" time="0.115">
		<testcase name="test_basic_math_passes" classname="test_sanity" time="0.002">
		</testcase>
		<testcase name="test_string_not_empty" classname="test_sanity" time="0.008">
		</testcase>
		<testcase name="test_array_contains" classname="test_sanity" time="0.017">
		</testcase>
		<testcase name="test_float_approx" classname="test_sanity" time="0.016">
		</testcase>
		<testcase name="test_bool_true" classname="test_sanity" time="0.016">
		</testcase>
		<testcase name="test_wave_data_loads" classname="test_sanity" time="0.016">
		</testcase>
		<testcase name="test_upgrade_data_pool_not_empty" classname="test_sanity" time="0.016">
		</testcase>
		<testcase name="test_health_component_new" classname="test_sanity" time="0.016">
		</testcase>
	</testsuite>
</testsuites>
