<?xml version="1.0" encoding="UTF-8" ?>
<testsuites id="2026-05-13" name="report_1" tests="79" failures="1" skipped="0" flaky="0" time="0.000">
	<testsuite id="0" name="test_sanity" package="tests/unit" timestamp="2026-05-13T10:49:20" hostname="localhost" tests="8" failures="0" errors="0" skipped="0" flaky="0" time="0.115">
		<testcase name="test_basic_math_passes" classname="test_sanity" time="0.002">
		</testcase>
		<testcase name="test_string_not_empty" classname="test_sanity" time="0.009">
		</testcase>
		<testcase name="test_array_contains" classname="test_sanity" time="0.017">
		</testcase>
		<testcase name="test_float_approx" classname="test_sanity" time="0.016">
		</testcase>
		<testcase name="test_bool_true" classname="test_sanity" time="0.017">
		</testcase>
		<testcase name="test_wave_data_loads" classname="test_sanity" time="0.015">
		</testcase>
		<testcase name="test_upgrade_data_pool_not_empty" classname="test_sanity" time="0.016">
		</testcase>
		<testcase name="test_health_component_new" classname="test_sanity" time="0.016">
		</testcase>
	</testsuite>
	<testsuite id="1" name="test_upgrade_system" package="tests/unit" timestamp="2026-05-13T10:49:20" hostname="localhost" tests="10" failures="0" errors="0" skipped="0" flaky="0" time="0.167">
		<testcase name="test_upgrade_pool_not_empty" classname="test_upgrade_system" time="0.009">
		</testcase>
		<testcase name="test_all_upgrades_have_nonzero_value" classname="test_upgrade_system" time="0.016">
		</testcase>
		<testcase name="test_all_upgrades_have_valid_id" classname="test_upgrade_system" time="0.016">
		</testcase>
		<testcase name="test_all_rarities_represented" classname="test_upgrade_system" time="0.015">
		</testcase>
		<testcase name="test_add_run_upgrade_stores_bonus" classname="test_upgrade_system" time="0.016">
		</testcase>
		<testcase name="test_add_multiple_same_type_accumulates" classname="test_upgrade_system" time="0.016">
		</testcase>
		<testcase name="test_different_types_dont_interfere" classname="test_upgrade_system" time="0.015">
		</testcase>
		<testcase name="test_run_bonuses_cleared_on_mission_start" classname="test_upgrade_system" time="0.016">
		</testcase>
		<testcase name="test_rarity_color_common_is_gray" classname="test_upgrade_system" time="0.016">
		</testcase>
		<testcase name="test_rarity_weight_common_highest" classname="test_upgrade_system" time="0.015">
		</testcase>
	</testsuite>
	<testsuite id="2" name="test_health_component" package="tests/unit" timestamp="2026-05-13T10:49:20" hostname="localhost" tests="16" failures="0" errors="0" skipped="0" flaky="0" time="0.268">
		<testcase name="test_take_damage_reduces_hp" classname="test_health_component" time="0.006">
		</testcase>
		<testcase name="test_take_damage_cannot_go_below_zero" classname="test_health_component" time="0.016">
		</testcase>
		<testcase name="test_full_health_after_ready" classname="test_health_component" time="0.016">
		</testcase>
		<testcase name="test_heal_restores_hp" classname="test_health_component" time="0.016">
		</testcase>
		<testcase name="test_heal_cannot_exceed_max" classname="test_health_component" time="0.015">
		</testcase>
		<testcase name="test_heal_does_nothing_when_dead" classname="test_health_component" time="0.015">
		</testcase>
		<testcase name="test_set_max_clips_current_health" classname="test_health_component" time="0.016">
		</testcase>
		<testcase name="test_set_max_does_not_refill" classname="test_health_component" time="0.015">
		</testcase>
		<testcase name="test_emits_on_unit_hit_on_damage" classname="test_health_component" time="0.015">
		</testcase>
		<testcase name="test_emits_on_unit_died_when_hp_zero" classname="test_health_component" time="0.015">
		</testcase>
		<testcase name="test_does_not_emit_died_on_partial_damage" classname="test_health_component" time="0.015">
		</testcase>
		<testcase name="test_emits_health_changed_on_damage" classname="test_health_component" time="0.015">
		</testcase>
		<testcase name="test_is_alive_true_when_hp_above_zero" classname="test_health_component" time="0.016">
		</testcase>
		<testcase name="test_is_alive_false_when_hp_zero" classname="test_health_component" time="0.015">
		</testcase>
		<testcase name="test_health_ratio_full" classname="test_health_component" time="0.015">
		</testcase>
		<testcase name="test_health_ratio_half" classname="test_health_component" time="0.016">
		</testcase>
	</testsuite>
	<testsuite id="3" name="test_combat" package="tests/unit" timestamp="2026-05-13T10:49:21" hostname="localhost" tests="9" failures="1" errors="0" skipped="0" flaky="0" time="3.170">
		<testcase name="test_iframes_block_second_hit" classname="test_combat" time="0.208">
		</testcase>
		<testcase name="test_iframes_flag_set_after_damage" classname="test_combat" time="0.049">
		</testcase>
		<testcase name="test_iframes_expire_after_duration" classname="test_combat" time="0.634">
		</testcase>
		<testcase name="test_armor_reduces_damage" classname="test_combat" time="0.046">
		</testcase>
		<testcase name="test_armor_minimum_damage_is_1" classname="test_combat" time="0.047">
		</testcase>
		<testcase name="test_apply_knockback_sets_state" classname="test_combat" time="0.047">
		</testcase>
		<testcase name="test_knockback_timer_set_after_knockback" classname="test_combat" time="0.047">
		</testcase>
		<testcase name="test_soldier_damage_emits_screen_shake" classname="test_combat" time="2.065">
			<failure message="FAILED: res://tests/unit/test_combat.gd:98" type="FAILURE">
<![CDATA[
Expecting emit signal: 'screen_shake_requested()' but timed out after 2s 0ms
]]>
			</failure>
		</testcase>
	</testsuite>
	<testsuite id="4" name="test_wave_data" package="tests/unit" timestamp="2026-05-13T10:49:24" hostname="localhost" tests="14" failures="0" errors="0" skipped="0" flaky="0" time="0.234">
		<testcase name="test_wave_data_loaded_successfully" classname="test_wave_data" time="0.009">
		</testcase>
		<testcase name="test_has_five_enemy_types" classname="test_wave_data" time="0.016">
		</testcase>
		<testcase name="test_covers_waves_1_to_5" classname="test_wave_data" time="0.015">
		</testcase>
		<testcase name="test_grenadier_has_nonzero_weight" classname="test_wave_data" time="0.016">
		</testcase>
		<testcase name="test_grunt_appears_from_wave_1" classname="test_wave_data" time="0.016">
		</testcase>
		<testcase name="test_rusher_appears_from_wave_2" classname="test_wave_data" time="0.015">
		</testcase>
		<testcase name="test_tank_appears_from_wave_3" classname="test_wave_data" time="0.016">
		</testcase>
		<testcase name="test_shooter_appears_from_wave_3" classname="test_wave_data" time="0.015">
		</testcase>
		<testcase name="test_grenadier_appears_from_wave_4" classname="test_wave_data" time="0.016">
		</testcase>
		<testcase name="test_wave1_pick_only_returns_grunt" classname="test_wave_data" time="0.016">
		</testcase>
		<testcase name="test_pick_returns_valid_type_wave_3" classname="test_wave_data" time="0.016">
		</testcase>
		<testcase name="test_pick_never_returns_grenadier_on_wave_3" classname="test_wave_data" time="0.015">
		</testcase>
		<testcase name="test_wave_duration_increases_per_wave" classname="test_wave_data" time="0.016">
		</testcase>
		<testcase name="test_spawn_interval_has_valid_range" classname="test_wave_data" time="0.016">
		</testcase>
	</testsuite>
	<testsuite id="5" name="test_wave_flow" package="tests/integration" timestamp="2026-05-13T10:49:24" hostname="localhost" tests="10" failures="0" errors="6" skipped="0" flaky="0" time="0.337">
		<testcase name="test_wave_cleared_emits_after_wave_started" classname="test_wave_flow" time="0.025">
		</testcase>
		<testcase name="test_upgrade_panel_requested_before_shop_opened" classname="test_wave_flow" time="0.013">
			<error message="ERROR: res://tests/integration/test_wave_flow.gd:28" type="ABORT">
<![CDATA[
Godot Runtime Error !
Error: 'Invalid access to property or key 'upgrade_panel_requested' on a base object of type 'previously freed'.'
	at res://tests/integration/test_wave_flow.gd:28
]]>
			</error>
		</testcase>
		<testcase name="test_wave_data_pick_consistent_with_min_wave" classname="test_wave_flow" time="0.015">
		</testcase>
		<testcase name="test_enemies_killed_increments_on_event" classname="test_wave_flow" time="0.017">
			<error message="ERROR: res://tests/integration/test_wave_flow.gd:71" type="ABORT">
<![CDATA[
Godot Runtime Error !
Error: 'Invalid access to property or key 'mission_started' on a base object of type 'previously freed'.'
	at res://src/autoloads/game_manager.gd:95
	at res://tests/integration/test_wave_flow.gd:71
]]>
			</error>
			<error message="ERROR: res://tests/integration/test_wave_flow.gd:76" type="ABORT">
<![CDATA[
Godot Runtime Error !
Error: 'Invalid access to property or key 'enemy_killed' on a base object of type 'previously freed'.'
	at res://tests/integration/test_wave_flow.gd:76
]]>
			</error>
		</testcase>
		<testcase name="test_gold_earned_on_loot_collected" classname="test_wave_flow" time="0.015">
			<error message="ERROR: res://tests/integration/test_wave_flow.gd:84" type="ABORT">
<![CDATA[
Godot Runtime Error !
Error: 'Invalid access to property or key 'mission_started' on a base object of type 'previously freed'.'
	at res://src/autoloads/game_manager.gd:95
	at res://tests/integration/test_wave_flow.gd:84
]]>
			</error>
			<error message="ERROR: res://tests/integration/test_wave_flow.gd:88" type="ABORT">
<![CDATA[
Godot Runtime Error !
Error: 'Invalid access to property or key 'loot_dropped' on a base object of type 'previously freed'.'
	at res://tests/integration/test_wave_flow.gd:88
]]>
			</error>
		</testcase>
		<testcase name="test_streak_bonuses_cleared_between_missions" classname="test_wave_flow" time="0.015">
			<error message="ERROR: res://tests/integration/test_wave_flow.gd:101" type="ABORT">
<![CDATA[
Godot Runtime Error !
Error: 'Invalid access to property or key 'mission_started' on a base object of type 'previously freed'.'
	at res://src/autoloads/game_manager.gd:95
	at res://tests/integration/test_wave_flow.gd:101
]]>
			</error>
		</testcase>
		<testcase name="test_all_enemy_scenes_loadable" classname="test_wave_flow" time="0.016">
		</testcase>
		<testcase name="test_enemy_scene_instantiates_without_errors" classname="test_wave_flow" time="0.066">
		</testcase>
		<testcase name="test_shooter_has_attack_behavior_after_configure" classname="test_wave_flow" time="0.065">
		</testcase>
		<testcase name="test_grenadier_has_grenade_behavior_after_configure" classname="test_wave_flow" time="0.064">
		</testcase>
	</testsuite>
	<testsuite id="6" name="test_shop_flow" package="tests/integration" timestamp="2026-05-13T10:49:25" hostname="localhost" tests="12" failures="0" errors="2" skipped="0" flaky="0" time="0.203">
		<testcase name="test_create_rifle_returns_valid_weapon" classname="test_shop_flow" time="0.010">
		</testcase>
		<testcase name="test_create_tiered_scales_damage" classname="test_shop_flow" time="0.016">
		</testcase>
		<testcase name="test_tier_multipliers_ordered" classname="test_shop_flow" time="0.016">
		</testcase>
		<testcase name="test_wave1_mostly_common" classname="test_shop_flow" time="0.016">
		</testcase>
		<testcase name="test_wave5_has_higher_tiers" classname="test_shop_flow" time="0.016">
		</testcase>
		<testcase name="test_passive_items_all_have_cost" classname="test_shop_flow" time="0.016">
		</testcase>
		<testcase name="test_passive_items_have_unique_ids" classname="test_shop_flow" time="0.016">
		</testcase>
		<testcase name="test_add_passive_increases_count" classname="test_shop_flow" time="0.016">
		</testcase>
		<testcase name="test_passive_slots_limit_enforced" classname="test_shop_flow" time="0.016">
		</testcase>
		<testcase name="test_synergy_level_increments_with_items" classname="test_shop_flow" time="0.016">
		</testcase>
		<testcase name="test_upgrade_panel_completed_unblocks_shop" classname="test_shop_flow" time="0.016">
			<error message="ERROR: res://tests/integration/test_shop_flow.gd:117" type="ABORT">
<![CDATA[
Godot Runtime Error !
Error: 'Cannot call method 'has_signal' on a previously freed instance.'
	at res://tests/integration/test_shop_flow.gd:117
]]>
			</error>
		</testcase>
		<testcase name="test_stats_speed_bonus_affects_move_speed" classname="test_shop_flow" time="0.016">
			<error message="ERROR: res://tests/integration/test_shop_flow.gd:123" type="ABORT">
<![CDATA[
Godot Runtime Error !
Error: 'Invalid access to property or key 'mission_started' on a base object of type 'previously freed'.'
	at res://src/autoloads/game_manager.gd:95
	at res://tests/integration/test_shop_flow.gd:123
]]>
			</error>
		</testcase>
	</testsuite>
</testsuites>
